# JRE version: Java(TM) SE Runtime Environment (8.0_144-b01) (build 1.8.0_144-b01)
# Java VM: Java HotSpot(TM) 64-Bit Server VM (25.144-b01 mixed mode windows-amd64 compressed oops)
Heap:
 PSYoungGen      total 133120K, used 53295K [0x00000000eb580000, 0x00000000f6300000, 0x0000000100000000)
  eden space 124416K, 42% used [0x00000000eb580000,0x00000000ee98be50,0x00000000f2f00000)
  from space 8704K, 0% used [0x00000000f3980000,0x00000000f3980000,0x00000000f4200000)
  to   space 10752K, 0% used [0x00000000f2f00000,0x00000000f2f00000,0x00000000f3980000)
 ParOldGen       total 52224K, used 15377K [0x00000000c2000000, 0x00000000c5300000, 0x00000000eb580000)
  object space 52224K, 29% used [0x00000000c2000000,0x00000000c2f044a8,0x00000000c5300000)
 Metaspace       used 34825K, capacity 36390K, committed 36648K, reserved 1081344K
  class space    used 4499K, capacity 4811K, committed 4912K, reserved 1048576K
GC Heap History (10 events):
Event: 5.757 GC heap before
{Heap before GC invocations=8 (full 1):
 PSYoungGen      total 68608K, used 5095K [0x00000000eb580000, 0x00000000f3c80000, 0x0000000100000000)
  eden space 62464K, 0% used [0x00000000eb580000,0x00000000eb580000,0x00000000ef280000)
  from space 6144K, 82% used [0x00000000ef280000,0x00000000ef779ef8,0x00000000ef880000)
  to   space 6656K, 0% used [0x00000000f3600000,0x00000000f3600000,0x00000000f3c80000)
 ParOldGen       total 42496K, used 8286K [0x00000000c2000000, 0x00000000c4980000, 0x00000000eb580000)
  object space 42496K, 19% used [0x00000000c2000000,0x00000000c2817be8,0x00000000c4980000)
 Metaspace       used 20710K, capacity 21270K, committed 21296K, reserved 1067008K
  class space    used 2683K, capacity 2859K, committed 2864K, reserved 1048576K
Event: 5.872 GC heap after
Heap after GC invocations=8 (full 1):
 PSYoungGen      total 68608K, used 0K [0x00000000eb580000, 0x00000000f3c80000, 0x0000000100000000)
  eden space 62464K, 0% used [0x00000000eb580000,0x00000000eb580000,0x00000000ef280000)
  from space 6144K, 0% used [0x00000000ef280000,0x00000000ef280000,0x00000000ef880000)
  to   space 6656K, 0% used [0x00000000f3600000,0x00000000f3600000,0x00000000f3c80000)
 ParOldGen       total 32256K, used 7421K [0x00000000c2000000, 0x00000000c3f80000, 0x00000000eb580000)
  object space 32256K, 23% used [0x00000000c2000000,0x00000000c273f778,0x00000000c3f80000)
 Metaspace       used 20709K, capacity 21264K, committed 21296K, reserved 1067008K
  class space    used 2682K, capacity 2858K, committed 2864K, reserved 1048576K
}
Event: 6.931 GC heap before
{Heap before GC invocations=9 (full 1):
 PSYoungGen      total 68608K, used 62464K [0x00000000eb580000, 0x00000000f3c80000, 0x0000000100000000)
  eden space 62464K, 100% used [0x00000000eb580000,0x00000000ef280000,0x00000000ef280000)
  from space 6144K, 0% used [0x00000000ef280000,0x00000000ef280000,0x00000000ef880000)
  to   space 6656K, 0% used [0x00000000f3600000,0x00000000f3600000,0x00000000f3c80000)
 ParOldGen       total 32256K, used 7509K [0x00000000c2000000, 0x00000000c3f80000, 0x00000000eb580000)
  object space 32256K, 23% used [0x00000000c2000000,0x00000000c2755688,0x00000000c3f80000)
 Metaspace       used 24256K, capacity 24940K, committed 25136K, reserved 1071104K
  class space    used 3106K, capacity 3286K, committed 3376K, reserved 1048576K
Event: 6.945 GC heap after
Heap after GC invocations=9 (full 1):
 PSYoungGen      total 100352K, used 3290K [0x00000000eb580000, 0x00000000f3980000, 0x0000000100000000)
  eden space 96768K, 0% used [0x00000000eb580000,0x00000000eb580000,0x00000000f1400000)
  from space 3584K, 91% used [0x00000000f3600000,0x00000000f3936b70,0x00000000f3980000)
  to   space 6656K, 0% used [0x00000000f2c80000,0x00000000f2c80000,0x00000000f3300000)
 ParOldGen       total 32256K, used 7581K [0x00000000c2000000, 0x00000000c3f80000, 0x00000000eb580000)
  object space 32256K, 23% used [0x00000000c2000000,0x00000000c2767698,0x00000000c3f80000)
 Metaspace       used 24256K, capacity 24940K, committed 25136K, reserved 1071104K
  class space    used 3106K, capacity 3286K, committed 3376K, reserved 1048576K
}
Event: 10.190 GC heap before
{Heap before GC invocations=10 (full 1):
 PSYoungGen      total 100352K, used 100058K [0x00000000eb580000, 0x00000000f3980000, 0x0000000100000000)
  eden space 96768K, 100% used [0x00000000eb580000,0x00000000f1400000,0x00000000f1400000)
  from space 3584K, 91% used [0x00000000f3600000,0x00000000f3936b70,0x00000000f3980000)
  to   space 6656K, 0% used [0x00000000f2c80000,0x00000000f2c80000,0x00000000f3300000)
 ParOldGen       total 32256K, used 7581K [0x00000000c2000000, 0x00000000c3f80000, 0x00000000eb580000)
  object space 32256K, 23% used [0x00000000c2000000,0x00000000c2767698,0x00000000c3f80000)
 Metaspace       used 29550K, capacity 30674K, committed 30768K, reserved 1075200K
  class space    used 3838K, capacity 4087K, committed 4144K, reserved 1048576K
Event: 10.226 GC heap after
Heap after GC invocations=10 (full 1):
 PSYoungGen      total 128512K, used 6646K [0x00000000eb580000, 0x00000000f4200000, 0x0000000100000000)
  eden space 121856K, 0% used [0x00000000eb580000,0x00000000eb580000,0x00000000f2c80000)
  from space 6656K, 99% used [0x00000000f2c80000,0x00000000f32fd820,0x00000000f3300000)
  to   space 8704K, 0% used [0x00000000f3980000,0x00000000f3980000,0x00000000f4200000)
 ParOldGen       total 32256K, used 10839K [0x00000000c2000000, 0x00000000c3f80000, 0x00000000eb580000)
  object space 32256K, 33% used [0x00000000c2000000,0x00000000c2a95fa8,0x00000000c3f80000)
 Metaspace       used 29550K, capacity 30674K, committed 30768K, reserved 1075200K
  class space    used 3838K, capacity 4087K, committed 4144K, reserved 1048576K
}
Event: 13.562 GC heap before
{Heap before GC invocations=11 (full 1):
 PSYoungGen      total 128512K, used 66455K [0x00000000eb580000, 0x00000000f4200000, 0x0000000100000000)
  eden space 121856K, 49% used [0x00000000eb580000,0x00000000eefe8490,0x00000000f2c80000)
  from space 6656K, 99% used [0x00000000f2c80000,0x00000000f32fd820,0x00000000f3300000)
  to   space 8704K, 0% used [0x00000000f3980000,0x00000000f3980000,0x00000000f4200000)
 ParOldGen       total 32256K, used 10839K [0x00000000c2000000, 0x00000000c3f80000, 0x00000000eb580000)
  object space 32256K, 33% used [0x00000000c2000000,0x00000000c2a95fa8,0x00000000c3f80000)
 Metaspace       used 33883K, capacity 35414K, committed 35496K, reserved 1079296K
  class space    used 4401K, capacity 4705K, committed 4784K, reserved 1048576K
Event: 13.590 GC heap after
Heap after GC invocations=11 (full 1):
 PSYoungGen      total 133120K, used 8703K [0x00000000eb580000, 0x00000000f6300000, 0x0000000100000000)
  eden space 124416K, 0% used [0x00000000eb580000,0x00000000eb580000,0x00000000f2f00000)
  from space 8704K, 99% used [0x00000000f3980000,0x00000000f41ffc70,0x00000000f4200000)
  to   space 10752K, 0% used [0x00000000f2f00000,0x00000000f2f00000,0x00000000f3980000)
 ParOldGen       total 32256K, used 12960K [0x00000000c2000000, 0x00000000c3f80000, 0x00000000eb580000)
  object space 32256K, 40% used [0x00000000c2000000,0x00000000c2ca8330,0x00000000c3f80000)
 Metaspace       used 33883K, capacity 35414K, committed 35496K, reserved 1079296K
  class space    used 4401K, capacity 4705K, committed 4784K, reserved 1048576K
}
Event: 13.590 GC heap before
{Heap before GC invocations=12 (full 2):
 PSYoungGen      total 133120K, used 8703K [0x00000000eb580000, 0x00000000f6300000, 0x0000000100000000)
  eden space 124416K, 0% used [0x00000000eb580000,0x00000000eb580000,0x00000000f2f00000)
  from space 8704K, 99% used [0x00000000f3980000,0x00000000f41ffc70,0x00000000f4200000)
  to   space 10752K, 0% used [0x00000000f2f00000,0x00000000f2f00000,0x00000000f3980000)
 ParOldGen       total 32256K, used 12960K [0x00000000c2000000, 0x00000000c3f80000, 0x00000000eb580000)
  object space 32256K, 40% used [0x00000000c2000000,0x00000000c2ca8330,0x00000000c3f80000)
 Metaspace       used 33883K, capacity 35414K, committed 35496K, reserved 1079296K
  class space    used 4401K, capacity 4705K, committed 4784K, reserved 1048576K
Event: 13.682 GC heap after
Heap after GC invocations=12 (full 2):
 PSYoungGen      total 133120K, used 0K [0x00000000eb580000, 0x00000000f6300000, 0x0000000100000000)
  eden space 124416K, 0% used [0x00000000eb580000,0x00000000eb580000,0x00000000f2f00000)
  from space 8704K, 0% used [0x00000000f3980000,0x00000000f3980000,0x00000000f4200000)
  to   space 10752K, 0% used [0x00000000f2f00000,0x00000000f2f00000,0x00000000f3980000)
 ParOldGen       total 52224K, used 15377K [0x00000000c2000000, 0x00000000c5300000, 0x00000000eb580000)
  object space 52224K, 29% used [0x00000000c2000000,0x00000000c2f044a8,0x00000000c5300000)
 Metaspace       used 33883K, capacity 35414K, committed 35496K, reserved 1079296K
  class space    used 4401K, capacity 4705K, committed 4784K, reserved 1048576K
}

