# JRE version: Java(TM) SE Runtime Environment (8.0_144-b01) (build 1.8.0_144-b01)
# Java VM: Java HotSpot(TM) 64-Bit Server VM (25.144-b01 mixed mode windows-amd64 compressed oops)
Heap:
 PSYoungGen      total 132096K, used 60596K [0x00000000eb580000, 0x00000000f4e00000, 0x0000000100000000)
  eden space 123392K, 49% used [0x00000000eb580000,0x00000000ef0ad0b8,0x00000000f2e00000)
  from space 8704K, 0% used [0x00000000f4580000,0x00000000f4580000,0x00000000f4e00000)
  to   space 6144K, 0% used [0x00000000f2e00000,0x00000000f2e00000,0x00000000f3400000)
 ParOldGen       total 54272K, used 15175K [0x00000000c2000000, 0x00000000c5500000, 0x00000000eb580000)
  object space 54272K, 27% used [0x00000000c2000000,0x00000000c2ed1d40,0x00000000c5500000)
 Metaspace       used 35409K, capacity 37034K, committed 37208K, reserved 1081344K
  class space    used 4567K, capacity 4875K, committed 4992K, reserved 1048576K
GC Heap History (10 events):
Event: 3.746 GC heap before
{Heap before GC invocations=8 (full 1):
 PSYoungGen      total 69120K, used 4874K [0x00000000eb580000, 0x00000000f3c80000, 0x0000000100000000)
  eden space 62976K, 0% used [0x00000000eb580000,0x00000000eb580000,0x00000000ef300000)
  from space 6144K, 79% used [0x00000000ef300000,0x00000000ef7c2a38,0x00000000ef900000)
  to   space 6144K, 0% used [0x00000000f3680000,0x00000000f3680000,0x00000000f3c80000)
 ParOldGen       total 42496K, used 7264K [0x00000000c2000000, 0x00000000c4980000, 0x00000000eb580000)
  object space 42496K, 17% used [0x00000000c2000000,0x00000000c2718000,0x00000000c4980000)
 Metaspace       used 20620K, capacity 21166K, committed 21248K, reserved 1067008K
  class space    used 2673K, capacity 2799K, committed 2816K, reserved 1048576K
Event: 3.807 GC heap after
Heap after GC invocations=8 (full 1):
 PSYoungGen      total 69120K, used 0K [0x00000000eb580000, 0x00000000f3c80000, 0x0000000100000000)
  eden space 62976K, 0% used [0x00000000eb580000,0x00000000eb580000,0x00000000ef300000)
  from space 6144K, 0% used [0x00000000ef300000,0x00000000ef300000,0x00000000ef900000)
  to   space 6144K, 0% used [0x00000000f3680000,0x00000000f3680000,0x00000000f3c80000)
 ParOldGen       total 32256K, used 7297K [0x00000000c2000000, 0x00000000c3f80000, 0x00000000eb580000)
  object space 32256K, 22% used [0x00000000c2000000,0x00000000c2720658,0x00000000c3f80000)
 Metaspace       used 20619K, capacity 21160K, committed 21248K, reserved 1067008K
  class space    used 2672K, capacity 2798K, committed 2816K, reserved 1048576K
}
Event: 4.711 GC heap before
{Heap before GC invocations=9 (full 1):
 PSYoungGen      total 69120K, used 62976K [0x00000000eb580000, 0x00000000f3c80000, 0x0000000100000000)
  eden space 62976K, 100% used [0x00000000eb580000,0x00000000ef300000,0x00000000ef300000)
  from space 6144K, 0% used [0x00000000ef300000,0x00000000ef300000,0x00000000ef900000)
  to   space 6144K, 0% used [0x00000000f3680000,0x00000000f3680000,0x00000000f3c80000)
 ParOldGen       total 32256K, used 7297K [0x00000000c2000000, 0x00000000c3f80000, 0x00000000eb580000)
  object space 32256K, 22% used [0x00000000c2000000,0x00000000c2720658,0x00000000c3f80000)
 Metaspace       used 23925K, capacity 24646K, committed 24832K, reserved 1071104K
  class space    used 3084K, capacity 3253K, committed 3328K, reserved 1048576K
Event: 4.725 GC heap after
Heap after GC invocations=9 (full 1):
 PSYoungGen      total 104960K, used 3253K [0x00000000eb580000, 0x00000000f3a00000, 0x0000000100000000)
  eden space 101376K, 0% used [0x00000000eb580000,0x00000000eb580000,0x00000000f1880000)
  from space 3584K, 90% used [0x00000000f3680000,0x00000000f39ad538,0x00000000f3a00000)
  to   space 6144K, 0% used [0x00000000f2e00000,0x00000000f2e00000,0x00000000f3400000)
 ParOldGen       total 32256K, used 7369K [0x00000000c2000000, 0x00000000c3f80000, 0x00000000eb580000)
  object space 32256K, 22% used [0x00000000c2000000,0x00000000c2732668,0x00000000c3f80000)
 Metaspace       used 23925K, capacity 24646K, committed 24832K, reserved 1071104K
  class space    used 3084K, capacity 3253K, committed 3328K, reserved 1048576K
}
Event: 8.197 GC heap before
{Heap before GC invocations=10 (full 1):
 PSYoungGen      total 104960K, used 104629K [0x00000000eb580000, 0x00000000f3a00000, 0x0000000100000000)
  eden space 101376K, 100% used [0x00000000eb580000,0x00000000f1880000,0x00000000f1880000)
  from space 3584K, 90% used [0x00000000f3680000,0x00000000f39ad538,0x00000000f3a00000)
  to   space 6144K, 0% used [0x00000000f2e00000,0x00000000f2e00000,0x00000000f3400000)
 ParOldGen       total 32256K, used 7369K [0x00000000c2000000, 0x00000000c3f80000, 0x00000000eb580000)
  object space 32256K, 22% used [0x00000000c2000000,0x00000000c2732668,0x00000000c3f80000)
 Metaspace       used 29733K, capacity 30834K, committed 30976K, reserved 1077248K
  class space    used 3860K, capacity 4091K, committed 4096K, reserved 1048576K
Event: 8.291 GC heap after
Heap after GC invocations=10 (full 1):
 PSYoungGen      total 129536K, used 6130K [0x00000000eb580000, 0x00000000f4e00000, 0x0000000100000000)
  eden space 123392K, 0% used [0x00000000eb580000,0x00000000eb580000,0x00000000f2e00000)
  from space 6144K, 99% used [0x00000000f2e00000,0x00000000f33fcad8,0x00000000f3400000)
  to   space 8704K, 0% used [0x00000000f4580000,0x00000000f4580000,0x00000000f4e00000)
 ParOldGen       total 32256K, used 11673K [0x00000000c2000000, 0x00000000c3f80000, 0x00000000eb580000)
  object space 32256K, 36% used [0x00000000c2000000,0x00000000c2b665b8,0x00000000c3f80000)
 Metaspace       used 29733K, capacity 30834K, committed 30976K, reserved 1077248K
  class space    used 3860K, capacity 4091K, committed 4096K, reserved 1048576K
}
Event: 11.753 GC heap before
{Heap before GC invocations=11 (full 1):
 PSYoungGen      total 129536K, used 61112K [0x00000000eb580000, 0x00000000f4e00000, 0x0000000100000000)
  eden space 123392K, 44% used [0x00000000eb580000,0x00000000eeb315f8,0x00000000f2e00000)
  from space 6144K, 99% used [0x00000000f2e00000,0x00000000f33fcad8,0x00000000f3400000)
  to   space 8704K, 0% used [0x00000000f4580000,0x00000000f4580000,0x00000000f4e00000)
 ParOldGen       total 32256K, used 11673K [0x00000000c2000000, 0x00000000c3f80000, 0x00000000eb580000)
  object space 32256K, 36% used [0x00000000c2000000,0x00000000c2b665b8,0x00000000c3f80000)
 Metaspace       used 33840K, capacity 35354K, committed 35416K, reserved 1079296K
  class space    used 4399K, capacity 4705K, committed 4736K, reserved 1048576K
Event: 11.793 GC heap after
Heap after GC invocations=11 (full 1):
 PSYoungGen      total 132096K, used 8688K [0x00000000eb580000, 0x00000000f4e00000, 0x0000000100000000)
  eden space 123392K, 0% used [0x00000000eb580000,0x00000000eb580000,0x00000000f2e00000)
  from space 8704K, 99% used [0x00000000f4580000,0x00000000f4dfc3f0,0x00000000f4e00000)
  to   space 6144K, 0% used [0x00000000f2e00000,0x00000000f2e00000,0x00000000f3400000)
 ParOldGen       total 32256K, used 13788K [0x00000000c2000000, 0x00000000c3f80000, 0x00000000eb580000)
  object space 32256K, 42% used [0x00000000c2000000,0x00000000c2d77310,0x00000000c3f80000)
 Metaspace       used 33840K, capacity 35354K, committed 35416K, reserved 1079296K
  class space    used 4399K, capacity 4705K, committed 4736K, reserved 1048576K
}
Event: 11.793 GC heap before
{Heap before GC invocations=12 (full 2):
 PSYoungGen      total 132096K, used 8688K [0x00000000eb580000, 0x00000000f4e00000, 0x0000000100000000)
  eden space 123392K, 0% used [0x00000000eb580000,0x00000000eb580000,0x00000000f2e00000)
  from space 8704K, 99% used [0x00000000f4580000,0x00000000f4dfc3f0,0x00000000f4e00000)
  to   space 6144K, 0% used [0x00000000f2e00000,0x00000000f2e00000,0x00000000f3400000)
 ParOldGen       total 32256K, used 13788K [0x00000000c2000000, 0x00000000c3f80000, 0x00000000eb580000)
  object space 32256K, 42% used [0x00000000c2000000,0x00000000c2d77310,0x00000000c3f80000)
 Metaspace       used 33840K, capacity 35354K, committed 35416K, reserved 1079296K
  class space    used 4399K, capacity 4705K, committed 4736K, reserved 1048576K
Event: 12.125 GC heap after
Heap after GC invocations=12 (full 2):
 PSYoungGen      total 132096K, used 0K [0x00000000eb580000, 0x00000000f4e00000, 0x0000000100000000)
  eden space 123392K, 0% used [0x00000000eb580000,0x00000000eb580000,0x00000000f2e00000)
  from space 8704K, 0% used [0x00000000f4580000,0x00000000f4580000,0x00000000f4e00000)
  to   space 6144K, 0% used [0x00000000f2e00000,0x00000000f2e00000,0x00000000f3400000)
 ParOldGen       total 54272K, used 15175K [0x00000000c2000000, 0x00000000c5500000, 0x00000000eb580000)
  object space 54272K, 27% used [0x00000000c2000000,0x00000000c2ed1d40,0x00000000c5500000)
 Metaspace       used 33840K, capacity 35354K, committed 35416K, reserved 1079296K
  class space    used 4399K, capacity 4705K, committed 4736K, reserved 1048576K
}

